2022/03/24 13:48:16 [notice] 1#1: using the "epoll" event method
2022/03/24 13:48:16 [notice] 1#1: nginx/1.21.6
2022/03/24 13:48:16 [notice] 1#1: built by gcc 10.3.1 20211027 (Alpine 10.3.1_git20211027) 
2022/03/24 13:48:16 [notice] 1#1: OS: Linux 5.10.16.3-microsoft-standard-WSL2
2022/03/24 13:48:16 [notice] 1#1: getrlimit(RLIMIT_NOFILE): 1024:4096
2022/03/24 13:48:16 [notice] 1#1: start worker processes
2022/03/24 13:48:16 [notice] 1#1: start worker process 23
2022/03/24 13:48:16 [notice] 1#1: start worker process 24
2022/03/24 13:48:16 [notice] 1#1: start worker process 25
2022/03/24 13:48:16 [notice] 1#1: start worker process 26
2022/03/24 13:48:16 [notice] 1#1: start worker process 27
2022/03/24 13:48:16 [notice] 1#1: start worker process 28
2022/03/24 13:48:16 [notice] 1#1: start worker process 29
2022/03/24 13:48:16 [notice] 1#1: start worker process 30
2022/03/24 14:01:58 [notice] 1#1: using the "epoll" event method
2022/03/24 14:01:58 [notice] 1#1: nginx/1.21.6
2022/03/24 14:01:58 [notice] 1#1: built by gcc 10.3.1 20211027 (Alpine 10.3.1_git20211027) 
2022/03/24 14:01:58 [notice] 1#1: OS: Linux 5.10.16.3-microsoft-standard-WSL2
2022/03/24 14:01:58 [notice] 1#1: getrlimit(RLIMIT_NOFILE): 1024:4096
2022/03/24 14:01:58 [notice] 1#1: start worker processes
2022/03/24 14:01:58 [notice] 1#1: start worker process 23
2022/03/24 14:01:58 [notice] 1#1: start worker process 24
2022/03/24 14:01:58 [notice] 1#1: start worker process 25
2022/03/24 14:01:58 [notice] 1#1: start worker process 26
2022/03/24 14:01:58 [notice] 1#1: start worker process 27
2022/03/24 14:01:58 [notice] 1#1: start worker process 28
2022/03/24 14:01:58 [notice] 1#1: start worker process 29
2022/03/24 14:01:58 [notice] 1#1: start worker process 30
2022/06/15 10:25:07 [notice] 1#1: using the "epoll" event method
2022/06/15 10:25:07 [notice] 1#1: nginx/1.21.6
2022/06/15 10:25:07 [notice] 1#1: built by gcc 10.3.1 20211027 (Alpine 10.3.1_git20211027) 
2022/06/15 10:25:07 [notice] 1#1: OS: Linux 5.10.16.3-microsoft-standard-WSL2
2022/06/15 10:25:07 [notice] 1#1: getrlimit(RLIMIT_NOFILE): 1024:4096
2022/06/15 10:25:07 [notice] 1#1: start worker processes
2022/06/15 10:25:07 [notice] 1#1: start worker process 22
2022/06/15 10:25:07 [notice] 1#1: start worker process 23
2022/06/15 10:25:07 [notice] 1#1: start worker process 24
2022/06/15 10:25:07 [notice] 1#1: start worker process 25
2022/06/15 10:25:07 [notice] 1#1: start worker process 26
2022/06/15 10:25:07 [notice] 1#1: start worker process 27
2022/06/15 10:25:07 [notice] 1#1: start worker process 28
2022/06/15 10:25:07 [notice] 1#1: start worker process 29
